
> can-simulator-backend@1.0.0 start
> node server.js

MQTT connected to localhost
Subscribed to can/frames
node:events:497
      throw er; // Unhandled 'error' event
      ^

Error: listen EADDRINUSE: address already in use 0.0.0.0:5000
    at Server.setupListenHandle [as _listen2] (node:net:1898:16)
    at listenInCluster (node:net:1946:12)
    at doListen (node:net:2116:7)
    at process.processTicksAndRejections (node:internal/process/task_queues:83:21)
Emitted 'error' event on Server instance at:
    at emitErrorNT (node:net:1925:8)
    at process.processTicksAndRejections (node:internal/process/task_queues:82:21) {
  code: 'EADDRINUSE',
  errno: -98,
  syscall: 'listen',
  address: '0.0.0.0',
  port: 5000
}

Node.js v20.14.0
